
> mobile-web@0.1.0 build
> next build

??Next.js 16.1.6 (Turbopack)
- Environments: .env.local

node.exe : ??The "middleware" file convention is deprecated. Please use "proxy" instead. Learn more: https://nextjs.org
/docs/messages/middleware-to-proxy
위치 C:\Program Files\nodejs\npm.ps1:29 문자:3
+   & $NODE_EXE $NPM_CLI_JS $args
+   ~~~~~~~~~~~~~~~~~~~~~~~~~~~~~
    + CategoryInfo          : NotSpecified: (??The "middlewa...leware-to-proxy:String) [], RemoteException
    + FullyQualifiedErrorId : NativeCommandError
 
  Creating an optimized production build ...

> Build error occurred
Error: Turbopack build failed with 1 errors:
./node_modules/@capacitor-firebase/messaging/dist/esm/web.js:2:1
Module not found: Can't resolve 'firebase/messaging'
[0m [90m 1 |[39m [36mimport[39m { [33mWebPlugin[39m } [36mfrom[39m [32m'@capacitor/core'[39m[33m;[39m
[31m[1m>[22m[39m[90m 2 |[39m [36mimport[39m { deleteToken[33m,[39m getMessaging[33m,[39m getToken[33m,[39
m isSupported [36mas[39m isSupportedInWeb[33m,[39m onMessage[33m,[39m } [36mfrom[39m [32m'firebase/messaging'
[39m[33m;[39m
 [90m   |[39m [31m[1m^[22m[39m[31m[1m^[22m[39m[31m[1m^[22m[39m[31m[1m^[22m[39m[31m[1m^[22m[39m[3
1m[1m^[22m[39m[31m[1m^[22m[39m[31m[1m^[22m[39m[31m[1m^[22m[39m[31m[1m^[22m[39m[31m[1m^[22m[39m[
31m[1m^[22m[39m[31m[1m^[22m[39m[31m[1m^[22m[39m[31m[1m^[22m[39m[31m[1m^[22m[39m[31m[1m^[22m[39m
[31m[1m^[22m[39m[31m[1m^[22m[39m[31m[1m^[22m[39m[31m[1m^[22m[39m[31m[1m^[22m[39m[31m[1m^[22m[39m
[31m[1m^[22m[39m[31m[1m^[22m[39m[31m[1m^[22m[39m[31m[1m^[22m[39m[31m[1m^[22m[39m[31m[1m^[22m[39
m[31m[1m^[22m[39m[31m[1m^[22m[39m[31m[1m^[22m[39m[31m[1m^[22m[39m[31m[1m^[22m[39m[31m[1m^[22m[3
9m[31m[1m^[22m[39m[31m[1m^[22m[39m[31m[1m^[22m[39m[31m[1m^[22m[39m[31m[1m^[22m[39m[31m[1m^[22m[
39m[31m[1m^[22m[39m[31m[1m^[22m[39m[31m[1m^[22m[39m[31m[1m^[22m[39m[31m[1m^[22m[39m[31m[1m^[22m
[39m[31m[1m^[22m[39m[31m[1m^[22m[39m[31m[1m^[22m[39m[31m[1m^[22m[39m[31m[1m^[22m[39m[31m[1m^[22m
[39m[31m[1m^[22m[39m[31m[1m^[22m[39m[31m[1m^[22m[39m[31m[1m^[22m[39m[31m[1m^[22m[39m[31m[1m^[22
m[39m[31m[1m^[22m[39m[31m[1m^[22m[39m[31m[1m^[22m[39m[31m[1m^[22m[39m[31m[1m^[22m[39m[31m[1m^[2
2m[39m[31m[1m^[22m[39m[31m[1m^[22m[39m[31m[1m^[22m[39m[31m[1m^[22m[39m[31m[1m^[22m[39m[31m[1m^[
22m[39m[31m[1m^[22m[39m[31m[1m^[22m[39m[31m[1m^[22m[39m[31m[1m^[22m[39m[31m[1m^[22m[39m[31m[1m^
[22m[39m[31m[1m^[22m[39m[31m[1m^[22m[39m[31m[1m^[22m[39m[31m[1m^[22m[39m[31m[1m^[22m[39m[31m[1m^
[22m[39m[31m[1m^[22m[39m[31m[1m^[22m[39m[31m[1m^[22m[39m[31m[1m^[22m[39m[31m[1m^[22m[39m[31m[1m
^[22m[39m[31m[1m^[22m[39m[31m[1m^[22m[39m[31m[1m^[22m[39m[31m[1m^[22m[39m[31m[1m^[22m[39m[31m[1
m^[22m[39m[31m[1m^[22m[39m[31m[1m^[22m[39m[31m[1m^[22m[39m[31m[1m^[22m[39m[31m[1m^[22m[39m[31m[
1m^[22m[39m[31m[1m^[22m[39m[31m[1m^[22m[39m[31m[1m^[22m[39m[31m[1m^[22m[39m[31m[1m^[22m[39m[31m
[1m^[22m[39m[31m[1m^[22m[39m[31m[1m^[22m[39m[31m[1m^[22m[39m[31m[1m^[22m[39m[31m[1m^[22m[39m[31m
[1m^[22m[39m[31m[1m^[22m[39m[31m[1m^[22m[39m[31m[1m^[22m[39m[31m[1m^[22m[39m[31m[1m^[22m[39m
 [90m 3 |[39m [36mexport[39m [36mclass[39m [33mFirebaseMessagingWeb[39m [36mextends[39m [33mWebPlugin[39m {
 [90m 4 |[39m     constructor() {
 [90m 5 |[39m         [36msuper[39m()[33m;[39m[0m



Import traces:
  Client Component Browser:
    ./node_modules/@capacitor-firebase/messaging/dist/esm/web.js [Client Component Browser]
    ./node_modules/@capacitor-firebase/messaging/dist/esm/index.js [Client Component Browser]
    ./lib/push-notifications.ts [Client Component Browser]
    ./components/push/PushNotificationProvider.tsx [Client Component Browser]
    ./components/push/PushNotificationProvider.tsx [Server Component]
    ./app/layout.tsx [Server Component]

  Client Component SSR:
    ./node_modules/@capacitor-firebase/messaging/dist/esm/web.js [Client Component SSR]
    ./node_modules/@capacitor-firebase/messaging/dist/esm/index.js [Client Component SSR]
    ./lib/push-notifications.ts [Client Component SSR]
    ./components/push/PushNotificationProvider.tsx [Client Component SSR]
    ./components/push/PushNotificationProvider.tsx [Server Component]
    ./app/layout.tsx [Server Component]

https://nextjs.org/docs/messages/module-not-found


    at ./node_modules/ (capacitor-firebase/messaging/dist/esm/web.js:2:1)
    at <unknown> (https://nextjs.org/docs/messages/module-not-found)
